<?xml version="1.0" encoding="UTF-8"?>
<!-- Generated by org.testng.reporters.JUnitReportReporter -->
<testsuite hostname="mac-MacBookPro" failures="0" tests="4" name="testRunner.Runner" time="8.889" errors="0" timestamp="15 Apr 2023 10:45:15 GMT" skipped="4">
  <testcase classname="testRunner.Runner" name="runScenario" time="1.944">
    <skipped/>
  </testcase> <!-- runScenario -->
  <testcase classname="testRunner.Runner" name="runScenario" time="2.091">
    <skipped/>
  </testcase> <!-- runScenario -->
  <testcase classname="testRunner.Runner" name="runScenario" time="2.865">
    <skipped/>
  </testcase> <!-- runScenario -->
  <testcase classname="testRunner.Runner" name="runScenario" time="1.989">
    <skipped/>
  </testcase> <!-- runScenario -->
</testsuite> <!-- testRunner.Runner -->
