<?xml version="1.0" encoding="UTF-8"?>
<!-- Generated by org.testng.reporters.JUnitReportReporter -->
<testsuite hostname="mac-MacBookPro" failures="0" tests="4" name="pages.Login" time="20.066" errors="0" timestamp="15 Apr 2023 09:58:24 GMT" skipped="0">
  <testcase classname="pages.Login" name="main" time="3.948"/>
  <testcase classname="pages.Login" name="main" time="5.526"/>
  <testcase classname="pages.Login" name="main" time="6.776"/>
  <testcase classname="pages.Login" name="main" time="3.816"/>
</testsuite> <!-- pages.Login -->
